<?xml version="1.0" encoding="UTF-8"?>
<testng-results ignored="5" total="6" passed="1" failed="0" skipped="0">
  <reporter-output>
    <line>
      <![CDATA[demo5 class method]]>
    </line>
  </reporter-output>
  <suite started-at="2022-06-19T12:41:54 IST" name="Failed suite [Failed suite [Default suite]]" finished-at="2022-06-19T12:41:54 IST" duration-ms="100">
    <groups>
    </groups>
    <test started-at="2022-06-19T12:41:54 IST" name="Default test(failed)(failed)" finished-at="2022-06-19T12:41:54 IST" duration-ms="100">
      <class name="testNGPack.Demo">
        <test-method signature="f()[pri:0, instance:testNGPack.Demo@3738449f]" started-at="2022-06-19T12:41:54 IST" name="f" finished-at="2022-06-19T12:41:54 IST" duration-ms="20" status="PASS">
          <reporter-output>
            <line>
              <![CDATA[demo5 class method]]>
            </line>
          </reporter-output>
        </test-method> <!-- f -->
      </class> <!-- testNGPack.Demo -->
    </test> <!-- Default test(failed)(failed) -->
  </suite> <!-- Failed suite [Failed suite [Default suite]] -->
</testng-results>
