<?xml version="1.0" encoding="UTF-8"?>
<!-- Generated by org.testng.reporters.JUnitXMLReporter -->
<testsuite ignored="5" hostname="JKTNOLAP668" failures="1" tests="1" name="Default test(failed)" time="0.102" errors="0" timestamp="2022-06-19T12:41:10 IST">
  <testcase classname="testNGPack.Demo" name="f" time="0.022">
    <failure type="java.lang.AssertionError" message="null">
      <![CDATA[java.lang.AssertionError: null
at testNGPack.Demo.f(Demo.java:43)
at java.base/java.util.ArrayList.forEach(ArrayList.java:1541)
... Removed 29 stack frames]]>
    </failure>
  </testcase> <!-- f -->
  <testcase classname="testNGPack.Demo" name="e" time="0.0">
    <ignored/>
  </testcase> <!-- e -->
  <testcase classname="testNGPack.Demo" name="d" time="0.0">
    <ignored/>
  </testcase> <!-- d -->
  <testcase classname="testNGPack.Demo" name="a" time="0.0">
    <ignored/>
  </testcase> <!-- a -->
  <testcase classname="testNGPack.Demo" name="c" time="0.0">
    <ignored/>
  </testcase> <!-- c -->
  <testcase classname="testNGPack.Demo" name="b" time="0.0">
    <ignored/>
  </testcase> <!-- b -->
</testsuite> <!-- Default test(failed) -->
