<?xml version="1.0" encoding="UTF-8"?>
<!-- Generated by org.testng.reporters.JUnitXMLReporter -->
<testsuite ignored="5" hostname="JKTNOLAP668" failures="0" tests="1" name="Default test(failed)(failed)" time="0.1" errors="0" timestamp="2022-06-19T12:41:54 IST">
  <testcase classname="testNGPack.Demo" name="f" time="0.02"/>
  <testcase classname="testNGPack.Demo" name="e" time="0.0">
    <ignored/>
  </testcase> <!-- e -->
  <testcase classname="testNGPack.Demo" name="d" time="0.0">
    <ignored/>
  </testcase> <!-- d -->
  <testcase classname="testNGPack.Demo" name="a" time="0.0">
    <ignored/>
  </testcase> <!-- a -->
  <testcase classname="testNGPack.Demo" name="c" time="0.0">
    <ignored/>
  </testcase> <!-- c -->
  <testcase classname="testNGPack.Demo" name="b" time="0.0">
    <ignored/>
  </testcase> <!-- b -->
</testsuite> <!-- Default test(failed)(failed) -->
